<?xml version="1.0" encoding="UTF-8"?>
<coverage generated="1756846503338" clover="3.2.0">
  <project timestamp="1756846503338" name="All files">
    <metrics statements="158" coveredstatements="156" conditionals="21" coveredconditionals="19" methods="12" coveredmethods="10" elements="191" coveredelements="185" complexity="0" loc="158" ncloc="158" packages="1" files="5" classes="5"/>
    <file name="heroku-embedding-model.ts" path="/Users/tlowrimore/Development/OSS/heroku-ai-provider/src/heroku-embedding-model.ts">
      <metrics statements="84" coveredstatements="83" conditionals="13" coveredconditionals="12" methods="4" coveredmethods="4"/>
      <line num="1" count="1" type="stmt"/>
      <line num="5" count="1" type="stmt"/>
      <line num="12" count="1" type="stmt"/>
      <line num="13" count="1" type="stmt"/>
      <line num="17" count="1" type="stmt"/>
      <line num="33" count="1" type="stmt"/>
      <line num="61" count="1" type="cond" truecount="1" falsecount="0"/>
      <line num="63" count="7" type="stmt"/>
      <line num="66" count="7" type="stmt"/>
      <line num="72" count="7" type="stmt"/>
      <line num="78" count="7" type="stmt"/>
      <line num="80" count="7" type="stmt"/>
      <line num="89" count="7" type="cond" truecount="1" falsecount="0"/>
      <line num="90" count="7" type="stmt"/>
      <line num="91" count="7" type="stmt"/>
      <line num="92" count="7" type="stmt"/>
      <line num="97" count="7" type="cond" truecount="1" falsecount="0"/>
      <line num="98" count="5" type="stmt"/>
      <line num="99" count="5" type="stmt"/>
      <line num="139" count="7" type="cond" truecount="1" falsecount="0"/>
      <line num="140" count="12" type="stmt"/>
      <line num="141" count="12" type="stmt"/>
      <line num="142" count="12" type="stmt"/>
      <line num="143" count="12" type="stmt"/>
      <line num="144" count="12" type="stmt"/>
      <line num="146" count="12" type="stmt"/>
      <line num="147" count="12" type="stmt"/>
      <line num="148" count="12" type="stmt"/>
      <line num="149" count="12" type="stmt"/>
      <line num="150" count="12" type="stmt"/>
      <line num="151" count="12" type="stmt"/>
      <line num="153" count="12" type="cond" truecount="1" falsecount="0"/>
      <line num="154" count="2" type="stmt"/>
      <line num="155" count="2" type="stmt"/>
      <line num="156" count="2" type="stmt"/>
      <line num="157" count="2" type="stmt"/>
      <line num="158" count="2" type="stmt"/>
      <line num="159" count="2" type="stmt"/>
      <line num="160" count="2" type="cond" truecount="1" falsecount="0"/>
      <line num="162" count="10" type="stmt"/>
      <line num="163" count="10" type="stmt"/>
      <line num="164" count="10" type="stmt"/>
      <line num="165" count="10" type="stmt"/>
      <line num="166" count="10" type="stmt"/>
      <line num="167" count="10" type="stmt"/>
      <line num="168" count="10" type="stmt"/>
      <line num="169" count="10" type="stmt"/>
      <line num="170" count="10" type="stmt"/>
      <line num="171" count="10" type="stmt"/>
      <line num="172" count="12" type="cond" truecount="1" falsecount="0"/>
      <line num="173" count="12" type="cond" truecount="1" falsecount="0"/>
      <line num="174" count="12" type="cond" truecount="1" falsecount="0"/>
      <line num="175" count="12" type="cond" truecount="1" falsecount="0"/>
      <line num="176" count="12" type="stmt"/>
      <line num="177" count="12" type="stmt"/>
      <line num="178" count="12" type="stmt"/>
      <line num="179" count="12" type="stmt"/>
      <line num="180" count="12" type="stmt"/>
      <line num="181" count="12" type="stmt"/>
      <line num="182" count="12" type="stmt"/>
      <line num="183" count="12" type="cond" truecount="1" falsecount="0"/>
      <line num="185" count="8" type="stmt"/>
      <line num="186" count="8" type="cond" truecount="1" falsecount="0"/>
      <line num="187" count="8" type="stmt"/>
      <line num="188" count="8" type="cond" truecount="0" falsecount="1"/>
      <line num="189" count="0" type="stmt"/>
      <line num="190" count="12" type="stmt"/>
      <line num="191" count="12" type="stmt"/>
      <line num="192" count="12" type="stmt"/>
      <line num="193" count="7" type="stmt"/>
      <line num="197" count="1" type="stmt"/>
      <line num="198" count="1" type="stmt"/>
      <line num="199" count="1" type="stmt"/>
      <line num="200" count="1" type="stmt"/>
      <line num="201" count="1" type="stmt"/>
      <line num="202" count="1" type="stmt"/>
      <line num="203" count="1" type="stmt"/>
      <line num="204" count="1" type="stmt"/>
      <line num="205" count="1" type="stmt"/>
      <line num="206" count="1" type="stmt"/>
      <line num="207" count="1" type="stmt"/>
      <line num="208" count="1" type="stmt"/>
      <line num="209" count="1" type="stmt"/>
      <line num="210" count="1" type="stmt"/>
    </file>
    <file name="heroku-embedding-options.ts" path="/Users/tlowrimore/Development/OSS/heroku-ai-provider/src/heroku-embedding-options.ts">
      <metrics statements="11" coveredstatements="11" conditionals="0" coveredconditionals="0" methods="0" coveredmethods="0"/>
      <line num="1" count="1" type="stmt"/>
      <line num="7" count="1" type="stmt"/>
      <line num="16" count="1" type="stmt"/>
      <line num="17" count="1" type="stmt"/>
      <line num="18" count="1" type="stmt"/>
      <line num="23" count="1" type="stmt"/>
      <line num="28" count="1" type="stmt"/>
      <line num="29" count="1" type="stmt"/>
      <line num="30" count="1" type="stmt"/>
      <line num="36" count="1" type="stmt"/>
      <line num="37" count="1" type="stmt"/>
    </file>
    <file name="heroku-error.ts" path="/Users/tlowrimore/Development/OSS/heroku-ai-provider/src/heroku-error.ts">
      <metrics statements="13" coveredstatements="13" conditionals="0" coveredconditionals="0" methods="1" coveredmethods="0"/>
      <line num="1" count="1" type="stmt"/>
      <line num="2" count="1" type="stmt"/>
      <line num="4" count="1" type="stmt"/>
      <line num="5" count="1" type="stmt"/>
      <line num="6" count="1" type="stmt"/>
      <line num="7" count="1" type="stmt"/>
      <line num="8" count="1" type="stmt"/>
      <line num="9" count="1" type="stmt"/>
      <line num="10" count="1" type="stmt"/>
      <line num="14" count="1" type="stmt"/>
      <line num="15" count="1" type="stmt"/>
      <line num="16" count="1" type="stmt"/>
      <line num="17" count="1" type="stmt"/>
    </file>
    <file name="heroku-provider.ts" path="/Users/tlowrimore/Development/OSS/heroku-ai-provider/src/heroku-provider.ts">
      <metrics statements="49" coveredstatements="49" conditionals="7" coveredconditionals="7" methods="6" coveredmethods="6"/>
      <line num="1" count="1" type="stmt"/>
      <line num="6" count="1" type="stmt"/>
      <line num="7" count="1" type="stmt"/>
      <line num="93" count="1" type="cond" truecount="1" falsecount="0"/>
      <line num="94" count="7" type="stmt"/>
      <line num="95" count="7" type="stmt"/>
      <line num="96" count="7" type="cond" truecount="1" falsecount="0"/>
      <line num="97" count="7" type="stmt"/>
      <line num="98" count="7" type="stmt"/>
      <line num="99" count="7" type="stmt"/>
      <line num="100" count="7" type="stmt"/>
      <line num="109" count="7" type="cond" truecount="1" falsecount="0"/>
      <line num="110" count="7" type="stmt"/>
      <line num="111" count="7" type="stmt"/>
      <line num="112" count="7" type="stmt"/>
      <line num="113" count="7" type="stmt"/>
      <line num="114" count="7" type="stmt"/>
      <line num="115" count="7" type="stmt"/>
      <line num="117" count="7" type="stmt"/>
      <line num="118" count="7" type="stmt"/>
      <line num="119" count="7" type="stmt"/>
      <line num="120" count="7" type="stmt"/>
      <line num="121" count="7" type="stmt"/>
      <line num="123" count="7" type="stmt"/>
      <line num="124" count="7" type="stmt"/>
      <line num="125" count="7" type="stmt"/>
      <line num="126" count="7" type="stmt"/>
      <line num="127" count="7" type="stmt"/>
      <line num="128" count="7" type="stmt"/>
      <line num="129" count="7" type="stmt"/>
      <line num="139" count="7" type="cond" truecount="1" falsecount="0"/>
      <line num="140" count="2" type="cond" truecount="1" falsecount="0"/>
      <line num="141" count="1" type="stmt"/>
      <line num="142" count="1" type="stmt"/>
      <line num="143" count="1" type="stmt"/>
      <line num="144" count="1" type="stmt"/>
      <line num="146" count="1" type="stmt"/>
      <line num="147" count="2" type="stmt"/>
      <line num="149" count="7" type="stmt"/>
      <line num="150" count="7" type="stmt"/>
      <line num="152" count="7" type="cond" truecount="1" falsecount="0"/>
      <line num="153" count="1" type="stmt"/>
      <line num="154" count="1" type="stmt"/>
      <line num="156" count="7" type="cond" truecount="1" falsecount="0"/>
      <line num="157" count="1" type="stmt"/>
      <line num="158" count="1" type="stmt"/>
      <line num="160" count="7" type="stmt"/>
      <line num="161" count="7" type="stmt"/>
      <line num="180" count="1" type="stmt"/>
    </file>
    <file name="index.ts" path="/Users/tlowrimore/Development/OSS/heroku-ai-provider/src/index.ts">
      <metrics statements="1" coveredstatements="0" conditionals="1" coveredconditionals="0" methods="1" coveredmethods="0"/>
      <line num="1" count="0" type="cond" truecount="0" falsecount="1"/>
    </file>
  </project>
</coverage>
