{"/Users/tlowrimore/Development/OSS/heroku-ai-provider/src/heroku-embedding-model.ts": {"path":"/Users/tlowrimore/Development/OSS/heroku-ai-provider/src/heroku-embedding-model.ts","all":false,"statementMap":{"0":{"start":{"line":1,"column":0},"end":{"line":1,"column":8}},"4":{"start":{"line":5,"column":0},"end":{"line":5,"column":8}},"11":{"start":{"line":12,"column":0},"end":{"line":12,"column":27}},"12":{"start":{"line":13,"column":0},"end":{"line":13,"column":8}},"16":{"start":{"line":17,"column":0},"end":{"line":17,"column":61}},"32":{"start":{"line":33,"column":0},"end":{"line":33,"column":2}},"60":{"start":{"line":61,"column":0},"end":{"line":61,"column":71}},"62":{"start":{"line":63,"column":0},"end":{"line":63,"column":39}},"65":{"start":{"line":66,"column":0},"end":{"line":66,"column":43}},"71":{"start":{"line":72,"column":0},"end":{"line":72,"column":37}},"77":{"start":{"line":78,"column":0},"end":{"line":78,"column":40}},"79":{"start":{"line":80,"column":0},"end":{"line":80,"column":49}},"88":{"start":{"line":89,"column":0},"end":{"line":89,"column":79}},"89":{"start":{"line":90,"column":0},"end":{"line":90,"column":27}},"90":{"start":{"line":91,"column":0},"end":{"line":91,"column":25}},"91":{"start":{"line":92,"column":0},"end":{"line":92,"column":3}},"96":{"start":{"line":97,"column":0},"end":{"line":97,"column":26}},"97":{"start":{"line":98,"column":0},"end":{"line":98,"column":32}},"98":{"start":{"line":99,"column":0},"end":{"line":99,"column":3}},"138":{"start":{"line":139,"column":0},"end":{"line":139,"column":17}},"139":{"start":{"line":140,"column":0},"end":{"line":140,"column":11}},"140":{"start":{"line":141,"column":0},"end":{"line":141,"column":12}},"141":{"start":{"line":142,"column":0},"end":{"line":142,"column":16}},"142":{"start":{"line":143,"column":0},"end":{"line":143,"column":20}},"143":{"start":{"line":144,"column":0},"end":{"line":144,"column":66}},"145":{"start":{"line":146,"column":0},"end":{"line":146,"column":5}},"146":{"start":{"line":147,"column":0},"end":{"line":147,"column":57}},"147":{"start":{"line":148,"column":0},"end":{"line":148,"column":25}},"148":{"start":{"line":149,"column":0},"end":{"line":149,"column":22}},"149":{"start":{"line":150,"column":0},"end":{"line":150,"column":37}},"150":{"start":{"line":151,"column":0},"end":{"line":151,"column":7}},"152":{"start":{"line":153,"column":0},"end":{"line":153,"column":52}},"153":{"start":{"line":154,"column":0},"end":{"line":154,"column":52}},"154":{"start":{"line":155,"column":0},"end":{"line":155,"column":32}},"155":{"start":{"line":156,"column":0},"end":{"line":156,"column":30}},"156":{"start":{"line":157,"column":0},"end":{"line":157,"column":56}},"157":{"start":{"line":158,"column":0},"end":{"line":158,"column":15}},"158":{"start":{"line":159,"column":0},"end":{"line":159,"column":9}},"159":{"start":{"line":160,"column":0},"end":{"line":160,"column":5}},"161":{"start":{"line":162,"column":0},"end":{"line":162,"column":11}},"162":{"start":{"line":163,"column":0},"end":{"line":163,"column":22}},"163":{"start":{"line":164,"column":0},"end":{"line":164,"column":22}},"164":{"start":{"line":165,"column":0},"end":{"line":165,"column":15}},"165":{"start":{"line":166,"column":0},"end":{"line":166,"column":29}},"166":{"start":{"line":167,"column":0},"end":{"line":167,"column":50}},"167":{"start":{"line":168,"column":0},"end":{"line":168,"column":60}},"168":{"start":{"line":169,"column":0},"end":{"line":169,"column":13}},"169":{"start":{"line":170,"column":0},"end":{"line":170,"column":28}},"170":{"start":{"line":171,"column":0},"end":{"line":171,"column":22}},"171":{"start":{"line":172,"column":0},"end":{"line":172,"column":48}},"172":{"start":{"line":173,"column":0},"end":{"line":173,"column":58}},"173":{"start":{"line":174,"column":0},"end":{"line":174,"column":56}},"174":{"start":{"line":175,"column":0},"end":{"line":175,"column":67}},"175":{"start":{"line":176,"column":0},"end":{"line":176,"column":8}},"176":{"start":{"line":177,"column":0},"end":{"line":177,"column":57}},"177":{"start":{"line":178,"column":0},"end":{"line":178,"column":59}},"178":{"start":{"line":179,"column":0},"end":{"line":179,"column":42}},"179":{"start":{"line":180,"column":0},"end":{"line":180,"column":8}},"180":{"start":{"line":181,"column":0},"end":{"line":181,"column":18}},"181":{"start":{"line":182,"column":0},"end":{"line":182,"column":31}},"182":{"start":{"line":183,"column":0},"end":{"line":183,"column":7}},"184":{"start":{"line":185,"column":0},"end":{"line":185,"column":12}},"185":{"start":{"line":186,"column":0},"end":{"line":186,"column":60}},"186":{"start":{"line":187,"column":0},"end":{"line":187,"column":27}},"187":{"start":{"line":188,"column":0},"end":{"line":188,"column":50}},"188":{"start":{"line":189,"column":0},"end":{"line":189,"column":20}},"189":{"start":{"line":190,"column":0},"end":{"line":190,"column":61}},"190":{"start":{"line":191,"column":0},"end":{"line":191,"column":6}},"191":{"start":{"line":192,"column":0},"end":{"line":192,"column":3}},"192":{"start":{"line":193,"column":0},"end":{"line":193,"column":1}},"196":{"start":{"line":197,"column":0},"end":{"line":197,"column":52}},"197":{"start":{"line":198,"column":0},"end":{"line":198,"column":16}},"198":{"start":{"line":199,"column":0},"end":{"line":199,"column":14}},"199":{"start":{"line":200,"column":0},"end":{"line":200,"column":37}},"200":{"start":{"line":201,"column":0},"end":{"line":201,"column":24}},"201":{"start":{"line":202,"column":0},"end":{"line":202,"column":7}},"202":{"start":{"line":203,"column":0},"end":{"line":203,"column":4}},"203":{"start":{"line":204,"column":0},"end":{"line":204,"column":10}},"204":{"start":{"line":205,"column":0},"end":{"line":205,"column":13}},"205":{"start":{"line":206,"column":0},"end":{"line":206,"column":32}},"206":{"start":{"line":207,"column":0},"end":{"line":207,"column":31}},"207":{"start":{"line":208,"column":0},"end":{"line":208,"column":6}},"208":{"start":{"line":209,"column":0},"end":{"line":209,"column":16}},"209":{"start":{"line":210,"column":0},"end":{"line":210,"column":3}}},"s":{"0":1,"4":1,"11":1,"12":1,"16":1,"32":1,"60":1,"62":7,"65":7,"71":7,"77":7,"79":7,"88":7,"89":7,"90":7,"91":7,"96":7,"97":5,"98":5,"138":7,"139":12,"140":12,"141":12,"142":12,"143":12,"145":12,"146":12,"147":12,"148":12,"149":12,"150":12,"152":12,"153":2,"154":2,"155":2,"156":2,"157":2,"158":2,"159":2,"161":10,"162":10,"163":10,"164":10,"165":10,"166":10,"167":10,"168":10,"169":10,"170":10,"171":12,"172":12,"173":12,"174":12,"175":12,"176":12,"177":12,"178":12,"179":12,"180":12,"181":12,"182":12,"184":8,"185":8,"186":8,"187":8,"188":0,"189":12,"190":12,"191":12,"192":7,"196":1,"197":1,"198":1,"199":1,"200":1,"201":1,"202":1,"203":1,"204":1,"205":1,"206":1,"207":1,"208":1,"209":1},"branchMap":{"0":{"type":"branch","line":61,"loc":{"start":{"line":61,"column":70},"end":{"line":193,"column":1}},"locations":[{"start":{"line":61,"column":70},"end":{"line":193,"column":1}}]},"1":{"type":"branch","line":89,"loc":{"start":{"line":89,"column":2},"end":{"line":92,"column":3}},"locations":[{"start":{"line":89,"column":2},"end":{"line":92,"column":3}}]},"2":{"type":"branch","line":97,"loc":{"start":{"line":97,"column":2},"end":{"line":99,"column":3}},"locations":[{"start":{"line":97,"column":2},"end":{"line":99,"column":3}}]},"3":{"type":"branch","line":139,"loc":{"start":{"line":139,"column":2},"end":{"line":192,"column":3}},"locations":[{"start":{"line":139,"column":2},"end":{"line":192,"column":3}}]},"4":{"type":"branch","line":153,"loc":{"start":{"line":153,"column":51},"end":{"line":160,"column":5}},"locations":[{"start":{"line":153,"column":51},"end":{"line":160,"column":5}}]},"5":{"type":"branch","line":160,"loc":{"start":{"line":160,"column":4},"end":{"line":172,"column":38}},"locations":[{"start":{"line":160,"column":4},"end":{"line":172,"column":38}}]},"6":{"type":"branch","line":172,"loc":{"start":{"line":172,"column":20},"end":{"line":172,"column":48}},"locations":[{"start":{"line":172,"column":20},"end":{"line":172,"column":48}}]},"7":{"type":"branch","line":173,"loc":{"start":{"line":173,"column":25},"end":{"line":173,"column":58}},"locations":[{"start":{"line":173,"column":25},"end":{"line":173,"column":58}}]},"8":{"type":"branch","line":174,"loc":{"start":{"line":174,"column":24},"end":{"line":174,"column":56}},"locations":[{"start":{"line":174,"column":24},"end":{"line":174,"column":56}}]},"9":{"type":"branch","line":175,"loc":{"start":{"line":175,"column":30},"end":{"line":175,"column":67}},"locations":[{"start":{"line":175,"column":30},"end":{"line":175,"column":67}}]},"10":{"type":"branch","line":183,"loc":{"start":{"line":183,"column":5},"end":{"line":188,"column":50}},"locations":[{"start":{"line":183,"column":5},"end":{"line":188,"column":50}}]},"11":{"type":"branch","line":188,"loc":{"start":{"line":188,"column":49},"end":{"line":189,"column":20}},"locations":[{"start":{"line":188,"column":49},"end":{"line":189,"column":20}}]},"12":{"type":"branch","line":186,"loc":{"start":{"line":186,"column":36},"end":{"line":186,"column":58}},"locations":[{"start":{"line":186,"column":36},"end":{"line":186,"column":58}}]}},"b":{"0":[7],"1":[7],"2":[5],"3":[12],"4":[2],"5":[10],"6":[2],"7":[2],"8":[2],"9":[2],"10":[8],"11":[0],"12":[16]},"fnMap":{"0":{"name":"<instance_members_initializer>","decl":{"start":{"line":61,"column":70},"end":{"line":193,"column":1}},"loc":{"start":{"line":61,"column":70},"end":{"line":193,"column":1}},"line":61},"1":{"name":"HerokuEmbeddingModel","decl":{"start":{"line":89,"column":2},"end":{"line":92,"column":3}},"loc":{"start":{"line":89,"column":2},"end":{"line":92,"column":3}},"line":89},"2":{"name":"get provider","decl":{"start":{"line":97,"column":2},"end":{"line":99,"column":3}},"loc":{"start":{"line":97,"column":2},"end":{"line":99,"column":3}},"line":97},"3":{"name":"doEmbed","decl":{"start":{"line":139,"column":2},"end":{"line":192,"column":3}},"loc":{"start":{"line":139,"column":2},"end":{"line":192,"column":3}},"line":139}},"f":{"0":7,"1":7,"2":5,"3":12}}
,"/Users/tlowrimore/Development/OSS/heroku-ai-provider/src/heroku-embedding-options.ts": {"path":"/Users/tlowrimore/Development/OSS/heroku-ai-provider/src/heroku-embedding-options.ts","all":false,"statementMap":{"0":{"start":{"line":1,"column":0},"end":{"line":1,"column":27}},"6":{"start":{"line":7,"column":0},"end":{"line":7,"column":48}},"15":{"start":{"line":16,"column":0},"end":{"line":16,"column":14}},"16":{"start":{"line":17,"column":0},"end":{"line":17,"column":78}},"17":{"start":{"line":18,"column":0},"end":{"line":18,"column":16}},"22":{"start":{"line":23,"column":0},"end":{"line":23,"column":55}},"27":{"start":{"line":28,"column":0},"end":{"line":28,"column":18}},"28":{"start":{"line":29,"column":0},"end":{"line":29,"column":58}},"29":{"start":{"line":30,"column":0},"end":{"line":30,"column":16}},"35":{"start":{"line":36,"column":0},"end":{"line":36,"column":45}},"36":{"start":{"line":37,"column":0},"end":{"line":37,"column":3}}},"s":{"0":1,"6":1,"15":1,"16":1,"17":1,"22":1,"27":1,"28":1,"29":1,"35":1,"36":1},"branchMap":{},"b":{},"fnMap":{},"f":{}}
,"/Users/tlowrimore/Development/OSS/heroku-ai-provider/src/heroku-error.ts": {"path":"/Users/tlowrimore/Development/OSS/heroku-ai-provider/src/heroku-error.ts","all":false,"statementMap":{"0":{"start":{"line":1,"column":0},"end":{"line":1,"column":72}},"1":{"start":{"line":2,"column":0},"end":{"line":2,"column":27}},"3":{"start":{"line":4,"column":0},"end":{"line":4,"column":40}},"4":{"start":{"line":5,"column":0},"end":{"line":5,"column":19}},"5":{"start":{"line":6,"column":0},"end":{"line":6,"column":24}},"6":{"start":{"line":7,"column":0},"end":{"line":7,"column":32}},"7":{"start":{"line":8,"column":0},"end":{"line":8,"column":32}},"8":{"start":{"line":9,"column":0},"end":{"line":9,"column":5}},"9":{"start":{"line":10,"column":0},"end":{"line":10,"column":3}},"13":{"start":{"line":14,"column":0},"end":{"line":14,"column":75}},"14":{"start":{"line":15,"column":0},"end":{"line":15,"column":37}},"15":{"start":{"line":16,"column":0},"end":{"line":16,"column":45}},"16":{"start":{"line":17,"column":0},"end":{"line":17,"column":3}}},"s":{"0":1,"1":1,"3":1,"4":1,"5":1,"6":1,"7":1,"8":1,"9":1,"13":1,"14":1,"15":1,"16":1},"branchMap":{},"b":{},"fnMap":{"0":{"name":"errorToMessage","decl":{"start":{"line":16,"column":18},"end":{"line":16,"column":45}},"loc":{"start":{"line":16,"column":18},"end":{"line":16,"column":45}},"line":16}},"f":{"0":0}}
,"/Users/tlowrimore/Development/OSS/heroku-ai-provider/src/heroku-provider.ts": {"path":"/Users/tlowrimore/Development/OSS/heroku-ai-provider/src/heroku-provider.ts","all":false,"statementMap":{"0":{"start":{"line":1,"column":0},"end":{"line":1,"column":8}},"5":{"start":{"line":6,"column":0},"end":{"line":6,"column":80}},"6":{"start":{"line":7,"column":0},"end":{"line":7,"column":64}},"92":{"start":{"line":93,"column":0},"end":{"line":93,"column":29}},"93":{"start":{"line":94,"column":0},"end":{"line":94,"column":39}},"94":{"start":{"line":95,"column":0},"end":{"line":95,"column":19}},"95":{"start":{"line":96,"column":0},"end":{"line":96,"column":43}},"96":{"start":{"line":97,"column":0},"end":{"line":97,"column":38}},"97":{"start":{"line":98,"column":0},"end":{"line":98,"column":39}},"98":{"start":{"line":99,"column":0},"end":{"line":99,"column":23}},"99":{"start":{"line":100,"column":0},"end":{"line":100,"column":5}},"108":{"start":{"line":109,"column":0},"end":{"line":109,"column":73}},"109":{"start":{"line":110,"column":0},"end":{"line":110,"column":33}},"110":{"start":{"line":111,"column":0},"end":{"line":111,"column":29}},"111":{"start":{"line":112,"column":0},"end":{"line":112,"column":36}},"112":{"start":{"line":113,"column":0},"end":{"line":113,"column":54}},"113":{"start":{"line":114,"column":0},"end":{"line":114,"column":29}},"114":{"start":{"line":115,"column":0},"end":{"line":115,"column":7}},"116":{"start":{"line":117,"column":0},"end":{"line":117,"column":31}},"117":{"start":{"line":118,"column":0},"end":{"line":118,"column":29}},"118":{"start":{"line":119,"column":0},"end":{"line":119,"column":54}},"119":{"start":{"line":120,"column":0},"end":{"line":120,"column":28}},"120":{"start":{"line":121,"column":0},"end":{"line":121,"column":7}},"122":{"start":{"line":123,"column":0},"end":{"line":123,"column":46}},"123":{"start":{"line":124,"column":0},"end":{"line":124,"column":39}},"124":{"start":{"line":125,"column":0},"end":{"line":125,"column":14}},"125":{"start":{"line":126,"column":0},"end":{"line":126,"column":34}},"126":{"start":{"line":127,"column":0},"end":{"line":127,"column":27}},"127":{"start":{"line":128,"column":0},"end":{"line":128,"column":7}},"128":{"start":{"line":129,"column":0},"end":{"line":129,"column":4}},"138":{"start":{"line":139,"column":0},"end":{"line":139,"column":47}},"139":{"start":{"line":140,"column":0},"end":{"line":140,"column":21}},"140":{"start":{"line":141,"column":0},"end":{"line":141,"column":22}},"141":{"start":{"line":142,"column":0},"end":{"line":142,"column":75}},"142":{"start":{"line":143,"column":0},"end":{"line":143,"column":8}},"143":{"start":{"line":144,"column":0},"end":{"line":144,"column":5}},"145":{"start":{"line":146,"column":0},"end":{"line":146,"column":72}},"146":{"start":{"line":147,"column":0},"end":{"line":147,"column":4}},"148":{"start":{"line":149,"column":0},"end":{"line":149,"column":48}},"149":{"start":{"line":150,"column":0},"end":{"line":150,"column":57}},"151":{"start":{"line":152,"column":0},"end":{"line":152,"column":49}},"152":{"start":{"line":153,"column":0},"end":{"line":153,"column":72}},"153":{"start":{"line":154,"column":0},"end":{"line":154,"column":4}},"155":{"start":{"line":156,"column":0},"end":{"line":156,"column":46}},"156":{"start":{"line":157,"column":0},"end":{"line":157,"column":69}},"157":{"start":{"line":158,"column":0},"end":{"line":158,"column":4}},"159":{"start":{"line":160,"column":0},"end":{"line":160,"column":18}},"160":{"start":{"line":161,"column":0},"end":{"line":161,"column":1}},"179":{"start":{"line":180,"column":0},"end":{"line":180,"column":37}}},"s":{"0":1,"5":1,"6":1,"92":1,"93":7,"94":7,"95":7,"96":7,"97":7,"98":7,"99":7,"108":7,"109":7,"110":7,"111":7,"112":7,"113":7,"114":7,"116":7,"117":7,"118":7,"119":7,"120":7,"122":7,"123":7,"124":7,"125":7,"126":7,"127":7,"128":7,"138":7,"139":2,"140":1,"141":1,"142":1,"143":1,"145":1,"146":2,"148":7,"149":7,"151":7,"152":1,"153":1,"155":7,"156":1,"157":1,"159":7,"160":7,"179":1},"branchMap":{"0":{"type":"branch","line":93,"loc":{"start":{"line":93,"column":7},"end":{"line":161,"column":1}},"locations":[{"start":{"line":93,"column":7},"end":{"line":161,"column":1}}]},"1":{"type":"branch","line":96,"loc":{"start":{"line":96,"column":21},"end":{"line":100,"column":5}},"locations":[{"start":{"line":96,"column":21},"end":{"line":100,"column":5}}]},"2":{"type":"branch","line":109,"loc":{"start":{"line":109,"column":35},"end":{"line":129,"column":4}},"locations":[{"start":{"line":109,"column":35},"end":{"line":129,"column":4}}]},"3":{"type":"branch","line":139,"loc":{"start":{"line":139,"column":19},"end":{"line":147,"column":4}},"locations":[{"start":{"line":139,"column":19},"end":{"line":147,"column":4}}]},"4":{"type":"branch","line":140,"loc":{"start":{"line":140,"column":20},"end":{"line":146,"column":72}},"locations":[{"start":{"line":140,"column":20},"end":{"line":146,"column":72}}]},"5":{"type":"branch","line":152,"loc":{"start":{"line":152,"column":27},"end":{"line":154,"column":4}},"locations":[{"start":{"line":152,"column":27},"end":{"line":154,"column":4}}]},"6":{"type":"branch","line":156,"loc":{"start":{"line":156,"column":24},"end":{"line":158,"column":4}},"locations":[{"start":{"line":156,"column":24},"end":{"line":158,"column":4}}]}},"b":{"0":[7],"1":[7],"2":[7],"3":[2],"4":[1],"5":[1],"6":[1]},"fnMap":{"0":{"name":"createHeroku","decl":{"start":{"line":93,"column":7},"end":{"line":161,"column":1}},"loc":{"start":{"line":93,"column":7},"end":{"line":161,"column":1}},"line":93},"1":{"name":"getHeaders","decl":{"start":{"line":96,"column":21},"end":{"line":100,"column":5}},"loc":{"start":{"line":96,"column":21},"end":{"line":100,"column":5}},"line":96},"2":{"name":"createTextEmbeddingModel","decl":{"start":{"line":109,"column":35},"end":{"line":129,"column":4}},"loc":{"start":{"line":109,"column":35},"end":{"line":129,"column":4}},"line":109},"3":{"name":"provider","decl":{"start":{"line":139,"column":19},"end":{"line":147,"column":4}},"loc":{"start":{"line":139,"column":19},"end":{"line":147,"column":4}},"line":139},"4":{"name":"provider.languageModel","decl":{"start":{"line":152,"column":27},"end":{"line":154,"column":4}},"loc":{"start":{"line":152,"column":27},"end":{"line":154,"column":4}},"line":152},"5":{"name":"provider.imageModel","decl":{"start":{"line":156,"column":24},"end":{"line":158,"column":4}},"loc":{"start":{"line":156,"column":24},"end":{"line":158,"column":4}},"line":156}},"f":{"0":7,"1":7,"2":7,"3":2,"4":1,"5":1}}
,"/Users/tlowrimore/Development/OSS/heroku-ai-provider/src/index.ts": {"path":"/Users/tlowrimore/Development/OSS/heroku-ai-provider/src/index.ts","all":true,"statementMap":{"0":{"start":{"line":1,"column":0},"end":{"line":1,"column":57}}},"s":{"0":0},"branchMap":{"0":{"type":"branch","line":1,"loc":{"start":{"line":1,"column":138},"end":{"line":2,"column":80}},"locations":[{"start":{"line":1,"column":138},"end":{"line":2,"column":80}}]}},"b":{"0":[0]},"fnMap":{"0":{"name":"(empty-report)","decl":{"start":{"line":1,"column":138},"end":{"line":2,"column":80}},"loc":{"start":{"line":1,"column":138},"end":{"line":2,"column":80}},"line":1}},"f":{"0":0}}
}
